0 info it worked if it ends with ok
1 verbose cli [ '/usr/local/bin/node',
1 verbose cli   '/Users/namdao/Desktop/HackReactor/wemo-channel/node_modules/.bin/npm',
1 verbose cli   'run',
1 verbose cli   'prepush' ]
2 info using npm@3.10.3
3 info using node@v6.2.1
4 verbose run-script [ 'prepush' ]
5 info lifecycle wemo-client@0.7.0~prepush: wemo-client@0.7.0
6 verbose lifecycle wemo-client@0.7.0~prepush: unsafe-perm in lifecycle true
7 verbose lifecycle wemo-client@0.7.0~prepush: PATH: /Users/namdao/Desktop/HackReactor/wemo-channel/node_modules/npm/bin/node-gyp-bin:/Users/namdao/Desktop/HackReactor/wemo-channel/node_modules/.bin:/usr/local/bin:/usr/local/lib/node_modules/npm/bin/node-gyp-bin:/Users/namdao/Desktop/HackReactor/wemo-channel/node_modules/husky/node_modules/.bin:/Users/namdao/Desktop/HackReactor/wemo-channel/node_modules/.bin:/usr/local/bin:/usr/local/bin:/Users/namdao/anaconda/bin:/Library/Frameworks/Python.framework/Versions/2.7/bin:/Users/namdao/.rvm/gems/ruby-2.2.1/bin:/Users/namdao/.rvm/gems/ruby-2.2.1@global/bin:/Users/namdao/.rvm/rubies/ruby-2.2.1/bin:/usr/local/bin:/usr/bin:/bin:/usr/sbin:/sbin:/Users/namdao/.rvm/bin
8 verbose lifecycle wemo-client@0.7.0~prepush: CWD: /Users/namdao/Desktop/HackReactor/wemo-channel
9 silly lifecycle wemo-client@0.7.0~prepush: Args: [ '-c', 'npm run lint && npm test' ]
10 silly lifecycle wemo-client@0.7.0~prepush: Returned: code: 1  signal: null
11 info lifecycle wemo-client@0.7.0~prepush: Failed to exec prepush script
12 verbose stack Error: wemo-client@0.7.0 prepush: `npm run lint && npm test`
12 verbose stack Exit status 1
12 verbose stack     at EventEmitter.<anonymous> (/Users/namdao/Desktop/HackReactor/wemo-channel/node_modules/npm/lib/utils/lifecycle.js:242:16)
12 verbose stack     at emitTwo (events.js:106:13)
12 verbose stack     at EventEmitter.emit (events.js:191:7)
12 verbose stack     at ChildProcess.<anonymous> (/Users/namdao/Desktop/HackReactor/wemo-channel/node_modules/npm/lib/utils/spawn.js:40:14)
12 verbose stack     at emitTwo (events.js:106:13)
12 verbose stack     at ChildProcess.emit (events.js:191:7)
12 verbose stack     at maybeClose (internal/child_process.js:852:16)
12 verbose stack     at Process.ChildProcess._handle.onexit (internal/child_process.js:215:5)
13 verbose pkgid wemo-client@0.7.0
14 verbose cwd /Users/namdao/Desktop/HackReactor/wemo-channel
15 error Darwin 15.5.0
16 error argv "/usr/local/bin/node" "/Users/namdao/Desktop/HackReactor/wemo-channel/node_modules/.bin/npm" "run" "prepush"
17 error node v6.2.1
18 error npm  v3.10.3
19 error code ELIFECYCLE
20 error wemo-client@0.7.0 prepush: `npm run lint && npm test`
20 error Exit status 1
21 error Failed at the wemo-client@0.7.0 prepush script 'npm run lint && npm test'.
21 error Make sure you have the latest version of node.js and npm installed.
21 error If you do, this is most likely a problem with the wemo-client package,
21 error not with npm itself.
21 error Tell the author that this fails on your system:
21 error     npm run lint && npm test
21 error You can get information on how to open an issue for this project with:
21 error     npm bugs wemo-client
21 error Or if that isn't available, you can get their info via:
21 error     npm owner ls wemo-client
21 error There is likely additional logging output above.
22 verbose exit [ 1, true ]
